<?xml version="1.0" encoding="UTF-8" standalone="no"?>
<featureModel>
    <properties/>
    <struct>
        <and abstract="true" mandatory="true" name="Test6">
            <feature name="ToSelect"/>
            <and name="FeatureA">
                <and name="FeatureB">
                    <and mandatory="true" name="FeatureC">
                        <feature name="FeatureD"/>
                    </and>
                </and>
            </and>
        </and>
    </struct>
    <constraints>
        <rule>
            <imp>
                <var>ToSelect</var>
                <var>FeatureD</var>
            </imp>
        </rule>
    </constraints>
    <calculations Auto="true" Constraints="true" Features="true" Redundant="true" Tautology="true"/>
    <comments/>
    <featureOrder userDefined="false"/>
</featureModel>
